<?xml version="1.0" encoding="UTF-8"?>
<!-- Generated by org.testng.reporters.JUnitReportReporter -->
<testsuite hostname="WINDOWS-5RLB6OD" failures="0" tests="1" name="com.Test.TestData" time="2.689" errors="0" timestamp="2024-05-28T15:58:38 IST" skipped="0">
  <testcase classname="com.Test.TestData" name="pincodesData" time="2.689"/>
  <system-out/>
</testsuite> <!-- com.Test.TestData -->
