<?xml version="1.0" encoding="UTF-8"?>
<!-- Generated by org.testng.reporters.JUnitReportReporter -->
<testsuite hostname="WINDOWS-5RLB6OD" failures="0" tests="10" name="com.TS.ExcelDemo" time="0.115" errors="0" timestamp="2024-05-28T16:12:45 IST" skipped="0">
  <testcase classname="com.TS.ExcelDemo" name="myTestCase" time="0.003"/>
  <system-out/>
  <testcase classname="com.TS.ExcelDemo" name="myTestCase" time="0.003"/>
  <system-out/>
  <testcase classname="com.TS.ExcelDemo" name="myTestCase" time="0.019"/>
  <system-out/>
  <testcase classname="com.TS.ExcelDemo" name="myTestCase" time="0.014"/>
  <system-out/>
  <testcase classname="com.TS.ExcelDemo" name="myTestCase" time="0.006"/>
  <system-out/>
  <testcase classname="com.TS.ExcelDemo" name="myTestCase" time="0.015"/>
  <system-out/>
  <testcase classname="com.TS.ExcelDemo" name="myTestCase" time="0.012"/>
  <system-out/>
  <testcase classname="com.TS.ExcelDemo" name="myTestCase" time="0.015"/>
  <system-out/>
  <testcase classname="com.TS.ExcelDemo" name="myTestCase" time="0.013"/>
  <system-out/>
  <testcase classname="com.TS.ExcelDemo" name="myTestCase" time="0.015"/>
  <system-out/>
</testsuite> <!-- com.TS.ExcelDemo -->
